<?xml version="1.0"?>
<TestRun xmlns="http://microsoft.com/schemas/VisualStudio/TeamTest/2010" id="625f319f-06cf-4526-847f-48f7ace7e1b4" name="pablopenen@Pablos-MacBook-Pro.local 2015-08-13 15:19:42" runUser="pablopenen">
  <Times creation="2015-08-13T15:19:42.256Z" queuing="2015-08-13T15:19:42.256Z" start="2015-08-13T15:19:41.001Z" finish="2015-08-13T15:19:42.255Z"/>
  <TestSettings name="Default Test Settings" id="ce1a4cfb-64fa-4d63-8815-e9984737a62c"/>
  <ResultSummary outcome="Failed">
    <Counters total="4" executed="4" passed="1" error="0" failed="2" timeout="0" aborted="0" inconclusive="1" passedButRunAborted="0" notRunnable="0" notExecuted="0" disconnected="0" warning="0" completed="0" inProgress="0" pending="0"/>
  </ResultSummary>
  <TestDefinitions>
    <UnitTest id="560d3335-f65a-427f-acb6-57459bc5968a" name="On sample test 1 should be 1">
      <Description>1 should be 1</Description>
      <Execution id="7aa32b30-821c-4f53-8a2d-fd23af5d44e5"/>
      <TestMethod codeBase="" className="" name=""/>
    </UnitTest>
    <UnitTest id="77f6ccc4-a73b-4865-87f2-1719058bf0fe" name="On sample test 1 should be 2">
      <Description>1 should be 2</Description>
      <Execution id="dc5dee2f-a88d-4372-9ace-c0ed52c79b75"/>
      <TestMethod codeBase="" className="" name=""/>
    </UnitTest>
    <UnitTest id="515505cf-a9fe-4ff4-b1b3-077900b9e010" name="On sample test 1 should be 3">
      <Description>1 should be 3</Description>
      <Execution id="39469fa6-bd45-433f-a212-88ce49b75c0b"/>
      <TestMethod codeBase="" className="" name=""/>
    </UnitTest>
    <UnitTest id="2b47720b-07c8-4df7-8423-6d887a0d4531" name="On sample test 1 should be 1">
      <Description>1 should be 1</Description>
      <Execution id="cb3a2ff4-dd54-4b9c-8f3f-c021c6cb6635"/>
      <TestMethod codeBase="" className="" name=""/>
    </UnitTest>
  </TestDefinitions>
  <TestLists>
    <TestList id="8c84fa94-04c1-424b-9868-57a2d4851a1d" name="Results Not in a List"/>
    <TestList id="19431567-8539-422a-85d7-44ee4e166bda" name="All Loaded Results"/>
  </TestLists>
  <TestEntries>
    <TestEntry testId="560d3335-f65a-427f-acb6-57459bc5968a" executionId="7aa32b30-821c-4f53-8a2d-fd23af5d44e5" testListId="8c84fa94-04c1-424b-9868-57a2d4851a1d"/>
    <TestEntry testId="77f6ccc4-a73b-4865-87f2-1719058bf0fe" executionId="dc5dee2f-a88d-4372-9ace-c0ed52c79b75" testListId="8c84fa94-04c1-424b-9868-57a2d4851a1d"/>
    <TestEntry testId="515505cf-a9fe-4ff4-b1b3-077900b9e010" executionId="39469fa6-bd45-433f-a212-88ce49b75c0b" testListId="8c84fa94-04c1-424b-9868-57a2d4851a1d"/>
    <TestEntry testId="2b47720b-07c8-4df7-8423-6d887a0d4531" executionId="cb3a2ff4-dd54-4b9c-8f3f-c021c6cb6635" testListId="8c84fa94-04c1-424b-9868-57a2d4851a1d"/>
  </TestEntries>
  <Results>
    <UnitTestResult testId="560d3335-f65a-427f-acb6-57459bc5968a" testName="On sample test 1 should be 1" testType="13cdc9d9-ddb5-4fa4-a97d-d965ccfc6d4b" testListId="8c84fa94-04c1-424b-9868-57a2d4851a1d" computerName="Pablos-MacBook-Pro.local" outcome="Passed" startTime="2015-08-13T15:19:41.003Z" endTime="2015-08-13T15:19:42.244Z" duration="00:00:01.240" executionId="7aa32b30-821c-4f53-8a2d-fd23af5d44e5"/>
    <UnitTestResult testId="77f6ccc4-a73b-4865-87f2-1719058bf0fe" testName="On sample test 1 should be 2" testType="13cdc9d9-ddb5-4fa4-a97d-d965ccfc6d4b" testListId="8c84fa94-04c1-424b-9868-57a2d4851a1d" computerName="Pablos-MacBook-Pro.local" outcome="Failed" startTime="2015-08-13T15:19:42.244Z" endTime="2015-08-13T15:19:42.252Z" duration="00:00:00.001" executionId="dc5dee2f-a88d-4372-9ace-c0ed52c79b75">
      <Output>
        <StdOut/>
        <ErrorInfo>
          <Message>expected 1 to be 2</Message>
          <StackTrace>AssertionError: expected 1 to be 2
    at Context.&lt;anonymous&gt; (sampleTest/test.js:16:22)</StackTrace>
        </ErrorInfo>
      </Output>
    </UnitTestResult>
    <UnitTestResult testId="515505cf-a9fe-4ff4-b1b3-077900b9e010" testName="On sample test 1 should be 3" testType="13cdc9d9-ddb5-4fa4-a97d-d965ccfc6d4b" testListId="8c84fa94-04c1-424b-9868-57a2d4851a1d" computerName="Pablos-MacBook-Pro.local" outcome="Failed" startTime="2015-08-13T15:19:42.253Z" endTime="2015-08-13T15:19:42.254Z" duration="00:00:00.000" executionId="39469fa6-bd45-433f-a212-88ce49b75c0b">
      <Output>
        <StdOut/>
        <ErrorInfo>
          <Message>expected 1 to be 3</Message>
          <StackTrace>AssertionError: expected 1 to be 3
    at Context.&lt;anonymous&gt; (sampleTest/test.js:21:22)</StackTrace>
        </ErrorInfo>
      </Output>
    </UnitTestResult>
    <UnitTestResult testId="2b47720b-07c8-4df7-8423-6d887a0d4531" testName="On sample test 1 should be 1" testType="13cdc9d9-ddb5-4fa4-a97d-d965ccfc6d4b" testListId="8c84fa94-04c1-424b-9868-57a2d4851a1d" computerName="Pablos-MacBook-Pro.local" outcome="Inconclusive" endTime="2015-08-13T15:19:42.255Z" duration="00:00:00.000" executionId="cb3a2ff4-dd54-4b9c-8f3f-c021c6cb6635"/>
  </Results>
</TestRun>